ChatDemoUI/app/build/outputs/logs/manifest-merger-debug-report.txt
-- Merging decision tree log ---
manifest
ADDED from src\main\AndroidManifest.xml:2:1-370:12
	xmlns:android
		ADDED from src\main\AndroidManifest.xml:2:11-69
	package
		ADDED from src\main\AndroidManifest.xml:3:5-34
		INJECTED from src\main\AndroidManifest.xml
		INJECTED from src\main\AndroidManifest.xml
	android:versionName
		ADDED from src\main\AndroidManifest.xml:5:5-32
		INJECTED from src\main\AndroidManifest.xml
		INJECTED from src\main\AndroidManifest.xml
	android:versionCode
		ADDED from src\main\AndroidManifest.xml:4:5-29
		INJECTED from src\main\AndroidManifest.xml
		INJECTED from src\main\AndroidManifest.xml
uses-sdk
ADDED from src\main\AndroidManifest.xml:7:5-9:41
MERGED from [com.android.support:support-v4:23.1.1] AndroidManifest.xml:20:5-43
	android:targetSdkVersion
		ADDED from src\main\AndroidManifest.xml:9:9-38
		INJECTED from src\main\AndroidManifest.xml
		INJECTED from src\main\AndroidManifest.xml
	android:minSdkVersion
		ADDED from src\main\AndroidManifest.xml:8:9-34
		INJECTED from src\main\AndroidManifest.xml
		INJECTED from src\main\AndroidManifest.xml
uses-permission#android.permission.VIBRATE
ADDED from src\main\AndroidManifest.xml:11:5-66
	android:name
		ADDED from src\main\AndroidManifest.xml:11:22-63
uses-permission#android.permission.INTERNET
ADDED from src\main\AndroidManifest.xml:12:5-67
	android:name
		ADDED from src\main\AndroidManifest.xml:12:22-64
uses-permission#android.permission.RECORD_AUDIO
ADDED from src\main\AndroidManifest.xml:13:5-71
	android:name
		ADDED from src\main\AndroidManifest.xml:13:22-68
uses-permission#android.permission.CAMERA
ADDED from src\main\AndroidManifest.xml:14:5-65
	android:name
		ADDED from src\main\AndroidManifest.xml:14:22-62
uses-permission#android.permission.ACCESS_NETWORK_STATE
ADDED from src\main\AndroidManifest.xml:15:5-79
	android:name
		ADDED from src\main\AndroidManifest.xml:15:22-76
uses-permission#android.permission.ACCESS_MOCK_LOCATION
ADDED from src\main\AndroidManifest.xml:16:5-79
	android:name
		ADDED from src\main\AndroidManifest.xml:16:22-76
uses-permission#android.permission.WRITE_EXTERNAL_STORAGE
ADDED from src\main\AndroidManifest.xml:17:5-81
	android:name
		ADDED from src\main\AndroidManifest.xml:17:22-78
uses-permission#android.permission.MOUNT_UNMOUNT_FILESYSTEMS
ADDED from src\main\AndroidManifest.xml:18:5-84
	android:name
		ADDED from src\main\AndroidManifest.xml:18:22-81
uses-permission#android.permission.ACCESS_FINE_LOCATION
ADDED from src\main\AndroidManifest.xml:19:5-79
	android:name
		ADDED from src\main\AndroidManifest.xml:19:22-76
uses-permission#android.permission.GET_TASKS
ADDED from src\main\AndroidManifest.xml:20:5-68
	android:name
		ADDED from src\main\AndroidManifest.xml:20:22-65
uses-permission#android.permission.ACCESS_WIFI_STATE
ADDED from src\main\AndroidManifest.xml:21:5-76
	android:name
		ADDED from src\main\AndroidManifest.xml:21:22-73
uses-permission#android.permission.CHANGE_WIFI_STATE
ADDED from src\main\AndroidManifest.xml:22:5-76
	android:name
		ADDED from src\main\AndroidManifest.xml:22:22-73
uses-permission#android.permission.WAKE_LOCK
ADDED from src\main\AndroidManifest.xml:23:5-68
	android:name
		ADDED from src\main\AndroidManifest.xml:23:22-65
uses-permission#android.permission.MODIFY_AUDIO_SETTINGS
ADDED from src\main\AndroidManifest.xml:24:5-80
	android:name
		ADDED from src\main\AndroidManifest.xml:24:22-77
uses-permission#android.permission.READ_PHONE_STATE
ADDED from src\main\AndroidManifest.xml:25:5-75
	android:name
		ADDED from src\main\AndroidManifest.xml:25:22-72
uses-permission#android.permission.RECEIVE_BOOT_COMPLETED
ADDED from src\main\AndroidManifest.xml:26:5-81
	android:name
		ADDED from src\main\AndroidManifest.xml:26:22-78
uses-permission#android.permission.GET_ACCOUNTS
ADDED from src\main\AndroidManifest.xml:27:5-71
	android:name
		ADDED from src\main\AndroidManifest.xml:27:22-68
uses-permission#android.permission.USE_CREDENTIALS
ADDED from src\main\AndroidManifest.xml:28:5-74
	android:name
		ADDED from src\main\AndroidManifest.xml:28:22-71
uses-permission#android.permission.MANAGE_ACCOUNTS
ADDED from src\main\AndroidManifest.xml:29:5-74
	android:name
		ADDED from src\main\AndroidManifest.xml:29:22-71
uses-permission#android.permission.AUTHENTICATE_ACCOUNTS
ADDED from src\main\AndroidManifest.xml:30:5-80
	android:name
		ADDED from src\main\AndroidManifest.xml:30:22-77
uses-permission#com.android.launcher.permission.READ_SETTINGS
ADDED from src\main\AndroidManifest.xml:31:5-85
	android:name
		ADDED from src\main\AndroidManifest.xml:31:22-82
uses-permission#android.permission.BROADCAST_STICKY
ADDED from src\main\AndroidManifest.xml:32:5-75
	android:name
		ADDED from src\main\AndroidManifest.xml:32:22-72
uses-permission#android.permission.WRITE_SETTINGS
ADDED from src\main\AndroidManifest.xml:33:5-73
	android:name
		ADDED from src\main\AndroidManifest.xml:33:22-70
uses-permission#com.google.android.c2dm.permission.RECEIVE
ADDED from src\main\AndroidManifest.xml:35:5-82
	android:name
		ADDED from src\main\AndroidManifest.xml:35:22-79
permission#cn.ucai.superwechat.permission.C2D_MESSAGE
ADDED from src\main\AndroidManifest.xml:37:5-38:47
	android:protectionLevel
		ADDED from src\main\AndroidManifest.xml:38:9-44
	android:name
		ADDED from src\main\AndroidManifest.xml:37:17-74
uses-permission#cn.ucai.superwechat.permission.C2D_MESSAGE
ADDED from src\main\AndroidManifest.xml:39:5-82
	android:name
		ADDED from src\main\AndroidManifest.xml:39:22-79
application
ADDED from src\main\AndroidManifest.xml:42:5-368:25
MERGED from [com.android.support:support-v4:23.1.1] AndroidManifest.xml:22:5-20
	android:label
		ADDED from src\main\AndroidManifest.xml:46:9-41
	android:allowBackup
		ADDED from src\main\AndroidManifest.xml:44:9-35
	android:icon
		ADDED from src\main\AndroidManifest.xml:45:9-45
	android:name
		ADDED from src\main\AndroidManifest.xml:43:9-47
activity#cn.ucai.superwechat.activity.MainActivity
ADDED from src\main\AndroidManifest.xml:47:9-53:20
	android:windowSoftInputMode
		ADDED from src\main\AndroidManifest.xml:52:13-52
	android:screenOrientation
		ADDED from src\main\AndroidManifest.xml:50:13-49
	android:theme
		ADDED from src\main\AndroidManifest.xml:51:13-52
	android:name
		ADDED from src\main\AndroidManifest.xml:48:13-50
	android:launchMode
		ADDED from src\main\AndroidManifest.xml:49:13-44
activity#cn.ucai.superwechat.activity.SplashActivity
ADDED from src\main\AndroidManifest.xml:56:9-65:20
	android:screenOrientation
		ADDED from src\main\AndroidManifest.xml:58:13-49
	android:theme
		ADDED from src\main\AndroidManifest.xml:59:13-52
	android:name
		ADDED from src\main\AndroidManifest.xml:57:13-52
intent-filter#android.intent.action.MAIN+android.intent.category.LAUNCHER
ADDED from src\main\AndroidManifest.xml:60:13-64:29
action#android.intent.action.MAIN
ADDED from src\main\AndroidManifest.xml:61:17-69
	android:name
		ADDED from src\main\AndroidManifest.xml:61:25-66
category#android.intent.category.LAUNCHER
ADDED from src\main\AndroidManifest.xml:63:17-77
	android:name
		ADDED from src\main\AndroidManifest.xml:63:27-74
activity#cn.ucai.superwechat.activity.LoginActivity
ADDED from src\main\AndroidManifest.xml:68:9-74:20
	android:windowSoftInputMode
		ADDED from src\main\AndroidManifest.xml:73:13-68
	android:screenOrientation
		ADDED from src\main\AndroidManifest.xml:70:13-49
	android:theme
		ADDED from src\main\AndroidManifest.xml:71:13-52
	android:name
		ADDED from src\main\AndroidManifest.xml:69:13-51
	android:launchMode
		ADDED from src\main\AndroidManifest.xml:72:13-44
activity#cn.ucai.superwechat.activity.RegisterActivity
ADDED from src\main\AndroidManifest.xml:77:9-83:20
	android:windowSoftInputMode
		ADDED from src\main\AndroidManifest.xml:82:13-68
	android:screenOrientation
		ADDED from src\main\AndroidManifest.xml:79:13-49
	android:theme
		ADDED from src\main\AndroidManifest.xml:80:13-52
	android:name
		ADDED from src\main\AndroidManifest.xml:78:13-54
	android:launchMode
		ADDED from src\main\AndroidManifest.xml:81:13-44
activity#cn.ucai.superwechat.activity.ChatActivity
ADDED from src\main\AndroidManifest.xml:85:9-91:20
	android:windowSoftInputMode
		ADDED from src\main\AndroidManifest.xml:90:13-55
	android:screenOrientation
		ADDED from src\main\AndroidManifest.xml:88:13-49
	android:theme
		ADDED from src\main\AndroidManifest.xml:89:13-52
	android:name
		ADDED from src\main\AndroidManifest.xml:86:13-50
	android:launchMode
		ADDED from src\main\AndroidManifest.xml:87:13-43
activity#cn.ucai.superwechat.activity.AddContactActivity
ADDED from src\main\AndroidManifest.xml:93:9-98:20
	android:windowSoftInputMode
		ADDED from src\main\AndroidManifest.xml:96:13-55
	android:screenOrientation
		ADDED from src\main\AndroidManifest.xml:95:13-49
	android:theme
		ADDED from src\main\AndroidManifest.xml:97:13-52
	android:name
		ADDED from src\main\AndroidManifest.xml:94:13-56
activity#cn.ucai.superwechat.activity.GroupDetailsActivity
ADDED from src\main\AndroidManifest.xml:100:9-104:20
	android:screenOrientation
		ADDED from src\main\AndroidManifest.xml:102:13-49
	android:theme
		ADDED from src\main\AndroidManifest.xml:103:13-52
	android:name
		ADDED from src\main\AndroidManifest.xml:101:13-58
activity#cn.ucai.superwechat.activity.GroupsActivity
ADDED from src\main\AndroidManifest.xml:106:9-111:20
	android:windowSoftInputMode
		ADDED from src\main\AndroidManifest.xml:110:13-52
	android:screenOrientation
		ADDED from src\main\AndroidManifest.xml:108:13-49
	android:theme
		ADDED from src\main\AndroidManifest.xml:109:13-52
	android:name
		ADDED from src\main\AndroidManifest.xml:107:13-52
activity#cn.ucai.superwechat.activity.ChatRoomActivity
ADDED from src\main\AndroidManifest.xml:113:9-118:20
	android:windowSoftInputMode
		ADDED from src\main\AndroidManifest.xml:117:13-52
	android:screenOrientation
		ADDED from src\main\AndroidManifest.xml:115:13-49
	android:theme
		ADDED from src\main\AndroidManifest.xml:116:13-52
	android:name
		ADDED from src\main\AndroidManifest.xml:114:13-54
activity#cn.ucai.superwechat.activity.ChatRoomDetailsActivity
ADDED from src\main\AndroidManifest.xml:120:9-124:20
	android:screenOrientation
		ADDED from src\main\AndroidManifest.xml:122:13-49
	android:theme
		ADDED from src\main\AndroidManifest.xml:123:13-52
	android:name
		ADDED from src\main\AndroidManifest.xml:121:13-61
activity#cn.ucai.superwechat.activity.NewGroupActivity
ADDED from src\main\AndroidManifest.xml:127:9-132:20
	android:windowSoftInputMode
		ADDED from src\main\AndroidManifest.xml:131:13-52
	android:screenOrientation
		ADDED from src\main\AndroidManifest.xml:129:13-49
	android:theme
		ADDED from src\main\AndroidManifest.xml:130:13-52
	android:name
		ADDED from src\main\AndroidManifest.xml:128:13-54
activity#cn.ucai.superwechat.activity.ExitGroupDialog
ADDED from src\main\AndroidManifest.xml:134:9-138:20
	android:screenOrientation
		ADDED from src\main\AndroidManifest.xml:136:13-49
	android:theme
		ADDED from src\main\AndroidManifest.xml:137:13-55
	android:name
		ADDED from src\main\AndroidManifest.xml:135:13-53
activity#cn.ucai.superwechat.activity.GroupPickContactsActivity
ADDED from src\main\AndroidManifest.xml:140:9-145:20
	android:windowSoftInputMode
		ADDED from src\main\AndroidManifest.xml:144:13-52
	android:screenOrientation
		ADDED from src\main\AndroidManifest.xml:142:13-49
	android:theme
		ADDED from src\main\AndroidManifest.xml:143:13-52
	android:name
		ADDED from src\main\AndroidManifest.xml:141:13-63
activity#cn.ucai.superwechat.activity.BaiduMapActivity
ADDED from src\main\AndroidManifest.xml:147:9-151:20
	android:screenOrientation
		ADDED from src\main\AndroidManifest.xml:149:13-49
	android:theme
		ADDED from src\main\AndroidManifest.xml:150:13-52
	android:name
		ADDED from src\main\AndroidManifest.xml:148:13-54
activity#cn.ucai.superwechat.activity.NewFriendsMsgActivity
ADDED from src\main\AndroidManifest.xml:154:9-158:20
	android:screenOrientation
		ADDED from src\main\AndroidManifest.xml:156:13-49
	android:theme
		ADDED from src\main\AndroidManifest.xml:157:13-52
	android:name
		ADDED from src\main\AndroidManifest.xml:155:13-59
activity#cn.ucai.superwechat.activity.ForwardMessageActivity
ADDED from src\main\AndroidManifest.xml:160:9-165:20
	android:windowSoftInputMode
		ADDED from src\main\AndroidManifest.xml:164:13-52
	android:screenOrientation
		ADDED from src\main\AndroidManifest.xml:162:13-49
	android:theme
		ADDED from src\main\AndroidManifest.xml:163:13-52
	android:name
		ADDED from src\main\AndroidManifest.xml:161:13-60
activity#cn.ucai.superwechat.activity.ContextMenu
ADDED from src\main\AndroidManifest.xml:167:9-171:20
	android:screenOrientation
		ADDED from src\main\AndroidManifest.xml:169:13-49
	android:theme
		ADDED from src\main\AndroidManifest.xml:170:13-49
	android:name
		ADDED from src\main\AndroidManifest.xml:168:13-49
activity#cn.ucai.superwechat.activity.AlertDialog
ADDED from src\main\AndroidManifest.xml:173:9-177:20
	android:screenOrientation
		ADDED from src\main\AndroidManifest.xml:175:13-49
	android:theme
		ADDED from src\main\AndroidManifest.xml:176:13-49
	android:name
		ADDED from src\main\AndroidManifest.xml:174:13-49
activity#cn.ucai.superwechat.activity.ShowBigImage
ADDED from src\main\AndroidManifest.xml:179:9-183:20
	android:screenOrientation
		ADDED from src\main\AndroidManifest.xml:181:13-49
	android:theme
		ADDED from src\main\AndroidManifest.xml:182:13-52
	android:name
		ADDED from src\main\AndroidManifest.xml:180:13-50
activity#cn.ucai.superwechat.activity.ShowNormalFileActivity
ADDED from src\main\AndroidManifest.xml:185:9-189:20
	android:screenOrientation
		ADDED from src\main\AndroidManifest.xml:187:13-49
	android:theme
		ADDED from src\main\AndroidManifest.xml:188:13-52
	android:name
		ADDED from src\main\AndroidManifest.xml:186:13-60
activity#cn.ucai.superwechat.activity.BlacklistActivity
ADDED from src\main\AndroidManifest.xml:191:9-195:20
	android:screenOrientation
		ADDED from src\main\AndroidManifest.xml:193:13-49
	android:theme
		ADDED from src\main\AndroidManifest.xml:194:13-52
	android:name
		ADDED from src\main\AndroidManifest.xml:192:13-55
activity#cn.ucai.superwechat.activity.PublicGroupsActivity
ADDED from src\main\AndroidManifest.xml:198:9-203:20
	android:windowSoftInputMode
		ADDED from src\main\AndroidManifest.xml:202:13-52
	android:screenOrientation
		ADDED from src\main\AndroidManifest.xml:200:13-49
	android:theme
		ADDED from src\main\AndroidManifest.xml:201:13-52
	android:name
		ADDED from src\main\AndroidManifest.xml:199:13-58
activity#cn.ucai.superwechat.activity.PublicChatRoomsActivity
ADDED from src\main\AndroidManifest.xml:205:9-210:20
	android:windowSoftInputMode
		ADDED from src\main\AndroidManifest.xml:209:13-52
	android:screenOrientation
		ADDED from src\main\AndroidManifest.xml:207:13-49
	android:theme
		ADDED from src\main\AndroidManifest.xml:208:13-52
	android:name
		ADDED from src\main\AndroidManifest.xml:206:13-61
activity#cn.ucai.superwechat.activity.VoiceCallActivity
ADDED from src\main\AndroidManifest.xml:213:9-218:20
	android:screenOrientation
		ADDED from src\main\AndroidManifest.xml:215:13-49
	android:theme
		ADDED from src\main\AndroidManifest.xml:217:13-48
	android:name
		ADDED from src\main\AndroidManifest.xml:214:13-55
	android:launchMode
		ADDED from src\main\AndroidManifest.xml:216:13-44
activity#cn.ucai.superwechat.activity.VideoCallActivity
ADDED from src\main\AndroidManifest.xml:220:9-226:20
	android:screenOrientation
		ADDED from src\main\AndroidManifest.xml:223:13-49
	android:configChanges
		ADDED from src\main\AndroidManifest.xml:222:13-74
	android:theme
		ADDED from src\main\AndroidManifest.xml:225:13-52
	android:name
		ADDED from src\main\AndroidManifest.xml:221:13-55
	android:launchMode
		ADDED from src\main\AndroidManifest.xml:224:13-44
activity#cn.ucai.superwechat.activity.GroupSimpleDetailActivity
ADDED from src\main\AndroidManifest.xml:228:9-232:20
	android:screenOrientation
		ADDED from src\main\AndroidManifest.xml:230:13-49
	android:theme
		ADDED from src\main\AndroidManifest.xml:231:13-52
	android:name
		ADDED from src\main\AndroidManifest.xml:229:13-63
activity#cn.ucai.superwechat.activity.GroupBlacklistActivity
ADDED from src\main\AndroidManifest.xml:234:9-238:20
	android:screenOrientation
		ADDED from src\main\AndroidManifest.xml:236:13-49
	android:theme
		ADDED from src\main\AndroidManifest.xml:237:13-52
	android:name
		ADDED from src\main\AndroidManifest.xml:235:13-60
activity#cn.ucai.superwechat.activity.PublicGroupsSeachActivity
ADDED from src\main\AndroidManifest.xml:239:9-243:20
	android:screenOrientation
		ADDED from src\main\AndroidManifest.xml:241:13-49
	android:theme
		ADDED from src\main\AndroidManifest.xml:242:13-52
	android:name
		ADDED from src\main\AndroidManifest.xml:240:13-63
activity#cn.ucai.superwechat.activity.EditActivity
ADDED from src\main\AndroidManifest.xml:244:9-249:20
	android:windowSoftInputMode
		ADDED from src\main\AndroidManifest.xml:248:13-55
	android:screenOrientation
		ADDED from src\main\AndroidManifest.xml:246:13-49
	android:theme
		ADDED from src\main\AndroidManifest.xml:247:13-52
	android:name
		ADDED from src\main\AndroidManifest.xml:245:13-50
activity#cn.ucai.superwechat.activity.ShowVideoActivity
ADDED from src\main\AndroidManifest.xml:250:9-255:20
	android:windowSoftInputMode
		ADDED from src\main\AndroidManifest.xml:254:13-60
	android:screenOrientation
		ADDED from src\main\AndroidManifest.xml:252:13-49
	android:theme
		ADDED from src\main\AndroidManifest.xml:253:13-52
	android:name
		ADDED from src\main\AndroidManifest.xml:251:13-55
activity#cn.ucai.superwechat.activity.ImageGridActivity
ADDED from src\main\AndroidManifest.xml:257:9-262:20
	android:windowSoftInputMode
		ADDED from src\main\AndroidManifest.xml:261:13-60
	android:screenOrientation
		ADDED from src\main\AndroidManifest.xml:259:13-49
	android:theme
		ADDED from src\main\AndroidManifest.xml:260:13-52
	android:name
		ADDED from src\main\AndroidManifest.xml:258:13-55
activity#cn.ucai.superwechat.activity.RecorderVideoActivity
ADDED from src\main\AndroidManifest.xml:263:9-268:20
	android:windowSoftInputMode
		ADDED from src\main\AndroidManifest.xml:267:13-60
	android:screenOrientation
		ADDED from src\main\AndroidManifest.xml:265:13-49
	android:theme
		ADDED from src\main\AndroidManifest.xml:266:13-52
	android:name
		ADDED from src\main\AndroidManifest.xml:264:13-59
activity#cn.ucai.superwechat.activity.DiagnoseActivity
ADDED from src\main\AndroidManifest.xml:270:9-275:20
	android:windowSoftInputMode
		ADDED from src\main\AndroidManifest.xml:274:13-60
	android:screenOrientation
		ADDED from src\main\AndroidManifest.xml:272:13-49
	android:theme
		ADDED from src\main\AndroidManifest.xml:273:13-52
	android:name
		ADDED from src\main\AndroidManifest.xml:271:13-54
activity#cn.ucai.superwechat.activity.OfflinePushNickActivity
ADDED from src\main\AndroidManifest.xml:278:9-283:20
	android:windowSoftInputMode
		ADDED from src\main\AndroidManifest.xml:282:13-60
	android:screenOrientation
		ADDED from src\main\AndroidManifest.xml:280:13-49
	android:theme
		ADDED from src\main\AndroidManifest.xml:281:13-52
	android:name
		ADDED from src\main\AndroidManifest.xml:279:13-61
activity#cn.ucai.superwechat.activity.RobotsActivity
ADDED from src\main\AndroidManifest.xml:285:9-290:20
	android:windowSoftInputMode
		ADDED from src\main\AndroidManifest.xml:289:13-60
	android:screenOrientation
		ADDED from src\main\AndroidManifest.xml:287:13-49
	android:theme
		ADDED from src\main\AndroidManifest.xml:288:13-52
	android:name
		ADDED from src\main\AndroidManifest.xml:286:13-52
activity#cn.ucai.superwechat.activity.UserProfileActivity
ADDED from src\main\AndroidManifest.xml:292:3-296:20
	android:screenOrientation
		ADDED from src\main\AndroidManifest.xml:294:7-43
	android:theme
		ADDED from src\main\AndroidManifest.xml:295:7-46
	android:name
		ADDED from src\main\AndroidManifest.xml:293:7-51
activity#cn.ucai.superwechat.activity.NearPeopleActivity
ADDED from src\main\AndroidManifest.xml:297:9-298:58
	android:name
		ADDED from src\main\AndroidManifest.xml:298:13-56
receiver#com.easemob.chat.StartServiceReceiver
ADDED from src\main\AndroidManifest.xml:301:9-308:20
	android:name
		ADDED from src\main\AndroidManifest.xml:301:19-71
intent-filter#android.intent.action.BOOT_COMPLETED+android.intent.action.QUICKBOOT_POWERON+android.intent.category.LAUNCHER
ADDED from src\main\AndroidManifest.xml:302:13-307:29
	android:priority
		ADDED from src\main\AndroidManifest.xml:302:28-51
action#android.intent.action.BOOT_COMPLETED
ADDED from src\main\AndroidManifest.xml:303:17-79
	android:name
		ADDED from src\main\AndroidManifest.xml:303:25-76
action#android.intent.action.QUICKBOOT_POWERON
ADDED from src\main\AndroidManifest.xml:304:17-82
	android:name
		ADDED from src\main\AndroidManifest.xml:304:25-79
receiver#com.easemob.chat.EMGCMBroadcastReceiver
ADDED from src\main\AndroidManifest.xml:311:9-319:20
	android:exported
		ADDED from src\main\AndroidManifest.xml:313:13-36
	android:permission
		ADDED from src\main\AndroidManifest.xml:314:13-73
	android:name
		ADDED from src\main\AndroidManifest.xml:312:13-67
intent-filter#com.easemob.chatuidemo+com.google.android.c2dm.intent.RECEIVE
ADDED from src\main\AndroidManifest.xml:315:13-318:29
action#com.google.android.c2dm.intent.RECEIVE
ADDED from src\main\AndroidManifest.xml:316:17-81
	android:name
		ADDED from src\main\AndroidManifest.xml:316:25-78
category#com.easemob.chatuidemo
ADDED from src\main\AndroidManifest.xml:317:17-67
	android:name
		ADDED from src\main\AndroidManifest.xml:317:27-64
service#com.easemob.chat.EMGCMListenerService
ADDED from src\main\AndroidManifest.xml:321:9-323:19
	android:exported
		ADDED from src\main\AndroidManifest.xml:322:13-37
	android:name
		ADDED from src\main\AndroidManifest.xml:321:18-70
receiver#cn.ucai.superwechat.receiver.GCMPushBroadCast
ADDED from src\main\AndroidManifest.xml:325:9-332:20
	android:exported
		ADDED from src\main\AndroidManifest.xml:327:13-37
	android:name
		ADDED from src\main\AndroidManifest.xml:326:13-54
intent-filter#com.easemob.chatuidemo+com.easemob.sdk.push
ADDED from src\main\AndroidManifest.xml:328:13-331:29
action#com.easemob.sdk.push
ADDED from src\main\AndroidManifest.xml:329:17-62
	android:name
		ADDED from src\main\AndroidManifest.xml:329:25-60
meta-data#EASEMOB_APPKEY
ADDED from src\main\AndroidManifest.xml:336:9-338:45
	android:name
		ADDED from src\main\AndroidManifest.xml:337:13-42
	android:value
		ADDED from src\main\AndroidManifest.xml:338:13-42
service#com.easemob.chat.EMChatService
ADDED from src\main\AndroidManifest.xml:341:9-65
	android:name
		ADDED from src\main\AndroidManifest.xml:341:18-63
receiver#com.easemob.chat.EMMonitorReceiver
ADDED from src\main\AndroidManifest.xml:343:9-352:20
	android:name
		ADDED from src\main\AndroidManifest.xml:343:19-68
intent-filter#android.intent.action.PACKAGE_REMOVED
ADDED from src\main\AndroidManifest.xml:344:13-347:29
action#android.intent.action.PACKAGE_REMOVED
ADDED from src\main\AndroidManifest.xml:345:17-79
	android:name
		ADDED from src\main\AndroidManifest.xml:345:25-77
data
ADDED from src\main\AndroidManifest.xml:346:17-49
	android:scheme
		ADDED from src\main\AndroidManifest.xml:346:23-47
intent-filter#android.intent.action.BOOT_COMPLETED+android.intent.action.USER_PRESENT
ADDED from src\main\AndroidManifest.xml:348:13-351:29
action#android.intent.action.USER_PRESENT
ADDED from src\main\AndroidManifest.xml:350:17-77
	android:name
		ADDED from src\main\AndroidManifest.xml:350:25-74
service#com.baidu.location.f
ADDED from src\main\AndroidManifest.xml:355:9-358:41
	android:process
		ADDED from src\main\AndroidManifest.xml:358:13-38
	android:enabled
		ADDED from src\main\AndroidManifest.xml:357:13-35
	android:name
		ADDED from src\main\AndroidManifest.xml:356:13-48
meta-data#UMENG_APPKEY
ADDED from src\main\AndroidManifest.xml:360:9-363:21
	android:name
		ADDED from src\main\AndroidManifest.xml:361:13-40
	android:value
		ADDED from src\main\AndroidManifest.xml:362:13-53
meta-data#com.baidu.lbsapi.API_KEY
ADDED from src\main\AndroidManifest.xml:364:9-366:56
	android:name
		ADDED from src\main\AndroidManifest.xml:365:13-52
	android:value
		ADDED from src\main\AndroidManifest.xml:366:13-53